This is pdfTeX, Version 3.14159265-2.6-1.40.16 (MiKTeX 2.9) (preloaded format=pdflatex 2016.7.6)  27 DEC 2016 11:48
entering extended mode
**C:/Users/dpuri/Documents/GitHub/cav2017/cav-2017.tex
(C:/Users/dpuri/Documents/GitHub/cav2017/cav-2017.tex
LaTeX2e <2015/10/01> patch level 2
Babel <3.9n> and hyphenation patterns for 69 languages loaded.
(llncs.cls
Document Class: llncs 2010/07/12 v2.17 
 LaTeX document class for Lecture Notes in Computer Science
(C:\Users\dpuri\Desktop\MikTex\tex\latex\base\article.cls
Document Class: article 2014/09/29 v1.4h Standard LaTeX document class
(C:\Users\dpuri\Desktop\MikTex\tex\latex\base\size10.clo
File: size10.clo 2014/09/29 v1.4h Standard LaTeX file (size option)
)
\c@part=\count79
\c@section=\count80
\c@subsection=\count81
\c@subsubsection=\count82
\c@paragraph=\count83
\c@subparagraph=\count84
\c@figure=\count85
\c@table=\count86
\abovecaptionskip=\skip41
\belowcaptionskip=\skip42
\bibindent=\dimen102
)
(C:\Users\dpuri\Desktop\MikTex\tex\latex\tools\multicol.sty
Package: multicol 2015/08/19 v1.8n multicolumn formatting (FMi)
\c@tracingmulticols=\count87
\mult@box=\box26
\multicol@leftmargin=\dimen103
\c@unbalance=\count88
\c@collectmore=\count89
\doublecol@number=\count90
\multicoltolerance=\count91
\multicolpretolerance=\count92
\full@width=\dimen104
\page@free=\dimen105
\premulticols=\dimen106
\postmulticols=\dimen107
\multicolsep=\skip43
\multicolbaselineskip=\skip44
\partial@page=\box27
\last@line=\box28
\maxbalancingoverflow=\dimen108
\mult@rightbox=\box29
\mult@grightbox=\box30
\mult@gfirstbox=\box31
\mult@firstbox=\box32
\@tempa=\box33
\@tempa=\box34
\@tempa=\box35
\@tempa=\box36
\@tempa=\box37
\@tempa=\box38
\@tempa=\box39
\@tempa=\box40
\@tempa=\box41
\@tempa=\box42
\@tempa=\box43
\@tempa=\box44
\@tempa=\box45
\@tempa=\box46
\@tempa=\box47
\@tempa=\box48
\@tempa=\box49
\c@columnbadness=\count93
\c@finalcolumnbadness=\count94
\last@try=\dimen109
\multicolovershoot=\dimen110
\multicolundershoot=\dimen111
\mult@nat@firstbox=\box50
\colbreak@box=\box51
\mc@col@check@num=\count95
) (aliascnt.sty
Package: aliascnt 2009/09/08 v1.3 Alias counter (HO)

(C:\Users\dpuri\Desktop\MikTex\tex\latex\carlisle\remreset.sty))
\c@chapter=\count96
LaTeX Font Info:    Redeclaring math symbol \Gamma on input line 362.
LaTeX Font Info:    Redeclaring math symbol \Delta on input line 363.
LaTeX Font Info:    Redeclaring math symbol \Theta on input line 364.
LaTeX Font Info:    Redeclaring math symbol \Lambda on input line 365.
LaTeX Font Info:    Redeclaring math symbol \Xi on input line 366.
LaTeX Font Info:    Redeclaring math symbol \Pi on input line 367.
LaTeX Font Info:    Redeclaring math symbol \Sigma on input line 368.
LaTeX Font Info:    Redeclaring math symbol \Upsilon on input line 369.
LaTeX Font Info:    Redeclaring math symbol \Phi on input line 370.
LaTeX Font Info:    Redeclaring math symbol \Psi on input line 371.
LaTeX Font Info:    Redeclaring math symbol \Omega on input line 372.
\tocchpnum=\dimen112
\tocsecnum=\dimen113
\tocsectotal=\dimen114
\tocsubsecnum=\dimen115
\tocsubsectotal=\dimen116
\tocsubsubsecnum=\dimen117
\tocsubsubsectotal=\dimen118
\tocparanum=\dimen119
\tocparatotal=\dimen120
\tocsubparanum=\dimen121
\@tempcntc=\count97
\fnindent=\dimen122
\c@@inst=\count98
\c@@auth=\count99
\c@auco=\count100
\instindent=\dimen123
\authrun=\box52
\authorrunning=\toks14
\tocauthor=\toks15
\titrun=\box53
\titlerunning=\toks16
\toctitle=\toks17
\c@theorem=\count101
\c@case=\count102
\c@conjecture=\count103
\c@corollary=\count104
\c@definition=\count105
\c@example=\count106
\c@exercise=\count107
\c@lemma=\count108
\c@note=\count109
\c@problem=\count110
\c@property=\count111
\c@proposition=\count112
\c@question=\count113
\c@solution=\count114
\c@remark=\count115
\headlineindent=\dimen124
)
(C:\Users\dpuri\Desktop\MikTex\tex\latex\amsfonts\amssymb.sty
Package: amssymb 2013/01/14 v3.01 AMS font symbols

(C:\Users\dpuri\Desktop\MikTex\tex\latex\amsfonts\amsfonts.sty
Package: amsfonts 2013/01/14 v3.01 Basic AMSFonts support
\@emptytoks=\toks18
\symAMSa=\mathgroup4
\symAMSb=\mathgroup5
LaTeX Font Info:    Overwriting math alphabet `\mathfrak' in version `bold'
(Font)                  U/euf/m/n --> U/euf/b/n on input line 106.
))
(C:\Users\dpuri\Desktop\MikTex\tex\latex\graphics\graphicx.sty
Package: graphicx 2014/10/28 v1.0g Enhanced LaTeX Graphics (DPC,SPQR)

(C:\Users\dpuri\Desktop\MikTex\tex\latex\graphics\keyval.sty
Package: keyval 2014/10/28 v1.15 key=value parser (DPC)
\KV@toks@=\toks19
)
(C:\Users\dpuri\Desktop\MikTex\tex\latex\graphics\graphics.sty
Package: graphics 2014/10/28 v1.0p Standard LaTeX Graphics (DPC,SPQR)

(C:\Users\dpuri\Desktop\MikTex\tex\latex\graphics\trig.sty
Package: trig 1999/03/16 v1.09 sin cos tan (DPC)
)
(C:\Users\dpuri\Desktop\MikTex\tex\latex\00miktex\graphics.cfg
File: graphics.cfg 2007/01/18 v1.5 graphics configuration of teTeX/TeXLive
)
Package graphics Info: Driver file: pdftex.def on input line 94.

(C:\Users\dpuri\Desktop\MikTex\tex\latex\pdftex-def\pdftex.def
File: pdftex.def 2011/05/27 v0.06d Graphics/color for pdfTeX

(C:\Users\dpuri\Desktop\MikTex\tex\generic\oberdiek\infwarerr.sty
Package: infwarerr 2010/04/08 v1.3 Providing info/warning/error messages (HO)
)
(C:\Users\dpuri\Desktop\MikTex\tex\generic\oberdiek\ltxcmds.sty
Package: ltxcmds 2011/11/09 v1.22 LaTeX kernel commands for general use (HO)
)
\Gread@gobject=\count116
))
\Gin@req@height=\dimen125
\Gin@req@width=\dimen126
)
(C:\Users\dpuri\Desktop\MikTex\tex\latex\url\url.sty
\Urlmuskip=\muskip10
Package: url 2013/09/16  ver 3.4  Verb mode for urls, etc.
)
(C:\Users\dpuri\Desktop\MikTex\tex\latex\float\float.sty
Package: float 2001/11/08 v1.3d Float enhancements (AL)
\c@float@type=\count117
\float@exts=\toks20
\float@box=\box54
\@float@everytoks=\toks21
\@floatcapt=\box55
)
(C:\Users\dpuri\Desktop\MikTex\tex\latex\graphics\color.sty
Package: color 2014/10/28 v1.1a Standard LaTeX Color (DPC)

(C:\Users\dpuri\Desktop\MikTex\tex\latex\00miktex\color.cfg
File: color.cfg 2007/01/18 v1.5 color configuration of teTeX/TeXLive
)
Package color Info: Driver file: pdftex.def on input line 142.

(C:\Users\dpuri\Desktop\MikTex\tex\latex\graphics\dvipsnam.def
File: dvipsnam.def 2014/10/14 v3.0j Driver-dependent file (DPC,SPQR)
))
(C:\Users\dpuri\Desktop\MikTex\tex\latex\hyperref\hyperref.sty
Package: hyperref 2012/11/06 v6.83m Hypertext links for LaTeX

(C:\Users\dpuri\Desktop\MikTex\tex\generic\oberdiek\hobsub-hyperref.sty
Package: hobsub-hyperref 2012/04/25 v1.12 Bundle oberdiek, subset hyperref (HO)


(C:\Users\dpuri\Desktop\MikTex\tex\generic\oberdiek\hobsub-generic.sty
Package: hobsub-generic 2012/04/25 v1.12 Bundle oberdiek, subset generic (HO)
Package: hobsub 2012/04/25 v1.12 Construct package bundles (HO)
Package hobsub Info: Skipping package `infwarerr' (already loaded).
Package hobsub Info: Skipping package `ltxcmds' (already loaded).
Package: ifluatex 2010/03/01 v1.3 Provides the ifluatex switch (HO)
Package ifluatex Info: LuaTeX not detected.
Package: ifvtex 2010/03/01 v1.5 Detect VTeX and its facilities (HO)
Package ifvtex Info: VTeX not detected.
Package: intcalc 2007/09/27 v1.1 Expandable calculations with integers (HO)
Package: ifpdf 2011/01/30 v2.3 Provides the ifpdf switch (HO)
Package ifpdf Info: pdfTeX in PDF mode is detected.
Package: etexcmds 2011/02/16 v1.5 Avoid name clashes with e-TeX commands (HO)
Package etexcmds Info: Could not find \expanded.
(etexcmds)             That can mean that you are not using pdfTeX 1.50 or
(etexcmds)             that some package has redefined \expanded.
(etexcmds)             In the latter case, load this package earlier.
Package: kvsetkeys 2012/04/25 v1.16 Key value parser (HO)
Package: kvdefinekeys 2011/04/07 v1.3 Define keys (HO)
Package: pdftexcmds 2011/11/29 v0.20 Utility functions of pdfTeX for LuaTeX (HO
)
Package pdftexcmds Info: LuaTeX not detected.
Package pdftexcmds Info: \pdf@primitive is available.
Package pdftexcmds Info: \pdf@ifprimitive is available.
Package pdftexcmds Info: \pdfdraftmode found.
Package: pdfescape 2011/11/25 v1.13 Implements pdfTeX's escape features (HO)
Package: bigintcalc 2012/04/08 v1.3 Expandable calculations on big integers (HO
)
Package: bitset 2011/01/30 v1.1 Handle bit-vector datatype (HO)
Package: uniquecounter 2011/01/30 v1.2 Provide unlimited unique counter (HO)
)
Package hobsub Info: Skipping package `hobsub' (already loaded).
Package: letltxmacro 2010/09/02 v1.4 Let assignment for LaTeX macros (HO)
Package: hopatch 2011/06/24 v1.1 Wrapper for package hooks (HO)
Package: xcolor-patch 2011/01/30 xcolor patch
Package: atveryend 2011/06/30 v1.8 Hooks at the very end of document (HO)
Package atveryend Info: \enddocument detected (standard20110627).
Package: atbegshi 2011/10/05 v1.16 At begin shipout hook (HO)
Package: refcount 2011/10/16 v3.4 Data extraction from label references (HO)
Package: hycolor 2011/01/30 v1.7 Color options for hyperref/bookmark (HO)
)
(C:\Users\dpuri\Desktop\MikTex\tex\generic\ifxetex\ifxetex.sty
Package: ifxetex 2010/09/12 v0.6 Provides ifxetex conditional
)
(C:\Users\dpuri\Desktop\MikTex\tex\latex\oberdiek\auxhook.sty
Package: auxhook 2011/03/04 v1.3 Hooks for auxiliary files (HO)
)
(C:\Users\dpuri\Desktop\MikTex\tex\latex\oberdiek\kvoptions.sty
Package: kvoptions 2011/06/30 v3.11 Key value format for package options (HO)
)
\@linkdim=\dimen127
\Hy@linkcounter=\count118
\Hy@pagecounter=\count119

(C:\Users\dpuri\Desktop\MikTex\tex\latex\hyperref\pd1enc.def
File: pd1enc.def 2012/11/06 v6.83m Hyperref: PDFDocEncoding definition (HO)
)
\Hy@SavedSpaceFactor=\count120

(C:\Users\dpuri\Desktop\MikTex\tex\latex\00miktex\hyperref.cfg
File: hyperref.cfg 2002/06/06 v1.2 hyperref configuration of TeXLive
)
Package hyperref Info: Hyper figures OFF on input line 4443.
Package hyperref Info: Link nesting OFF on input line 4448.
Package hyperref Info: Hyper index ON on input line 4451.
Package hyperref Info: Plain pages OFF on input line 4458.
Package hyperref Info: Backreferencing OFF on input line 4463.
Package hyperref Info: Implicit mode ON; LaTeX internals redefined.
Package hyperref Info: Bookmarks ON on input line 4688.
\c@Hy@tempcnt=\count121
LaTeX Info: Redefining \url on input line 5041.
\XeTeXLinkMargin=\dimen128
\Fld@menulength=\count122
\Field@Width=\dimen129
\Fld@charsize=\dimen130
Package hyperref Info: Hyper figures OFF on input line 6295.
Package hyperref Info: Link nesting OFF on input line 6300.
Package hyperref Info: Hyper index ON on input line 6303.
Package hyperref Info: backreferencing OFF on input line 6310.
Package hyperref Info: Link coloring OFF on input line 6315.
Package hyperref Info: Link coloring with OCG OFF on input line 6320.
Package hyperref Info: PDF/A mode OFF on input line 6325.
LaTeX Info: Redefining \ref on input line 6365.
LaTeX Info: Redefining \pageref on input line 6369.
\Hy@abspage=\count123
\c@Item=\count124
\c@Hfootnote=\count125
)

Package hyperref Message: Driver (autodetected): hpdftex.

(C:\Users\dpuri\Desktop\MikTex\tex\latex\hyperref\hpdftex.def
File: hpdftex.def 2012/11/06 v6.83m Hyperref driver for pdfTeX
\Fld@listcount=\count126
\c@bookmark@seq@number=\count127

(C:\Users\dpuri\Desktop\MikTex\tex\latex\oberdiek\rerunfilecheck.sty
Package: rerunfilecheck 2011/04/15 v1.7 Rerun checks for auxiliary files (HO)
Package uniquecounter Info: New unique counter `rerunfilecheck' on input line 2
82.
)
\Hy@SectionHShift=\skip45
)
(C:\Users\dpuri\Desktop\MikTex\tex\latex\setspace\setspace.sty
Package: setspace 2011/12/19 v6.7a set line spacing
)
(algpseudocode.sty
Package: algpseudocode 
 (C:\Users\dpuri\Desktop\MikTex\tex\latex\base\ifthen.sty
Package: ifthen 2014/09/29 v1.1c Standard LaTeX ifthen package (DPC)
)
(C:\Users\dpuri\Desktop\MikTex\tex\latex\algorithmicx\algorithmicx.sty
Package: algorithmicx 2005/04/27 v1.2 Algorithmicx

Document Style algorithmicx 1.2 - a greatly improved `algorithmic' style
\c@ALG@line=\count128
\c@ALG@rem=\count129
\c@ALG@nested=\count130
\ALG@tlm=\skip46
\ALG@thistlm=\skip47
\c@ALG@Lnr=\count131
\c@ALG@blocknr=\count132
\c@ALG@storecount=\count133
\c@ALG@tmpcounter=\count134
\ALG@tmplength=\skip48
)
Document Style - pseudocode environments for use with the `algorithmicx' style
) (C:\Users\dpuri\Desktop\MikTex\tex\latex\algorithms\algorithm.sty
Package: algorithm 2009/08/24 v0.1 Document Style `algorithm' - floating enviro
nment
\@float@every@algorithm=\toks22
\c@algorithm=\count135
)
(C:\Users\dpuri\Desktop\MikTex\tex\latex\soul\soul.sty
Package: soul 2003/11/17 v2.4 letterspacing/underlining (mf)
\SOUL@word=\toks23
\SOUL@lasttoken=\toks24
\SOUL@cmds=\toks25
\SOUL@buffer=\toks26
\SOUL@token=\toks27
\SOUL@spaceskip=\skip49
\SOUL@ttwidth=\dimen131
\SOUL@uldp=\dimen132
\SOUL@ulht=\dimen133
)
(C:\Users\dpuri\Desktop\MikTex\tex\latex\amsmath\amsmath.sty
Package: amsmath 2013/01/14 v2.14 AMS math features
\@mathmargin=\skip50

For additional information on amsmath, use the `?' option.
(C:\Users\dpuri\Desktop\MikTex\tex\latex\amsmath\amstext.sty
Package: amstext 2000/06/29 v2.01

(C:\Users\dpuri\Desktop\MikTex\tex\latex\amsmath\amsgen.sty
File: amsgen.sty 1999/11/30 v2.0
\@emptytoks=\toks28
\ex@=\dimen134
))
(C:\Users\dpuri\Desktop\MikTex\tex\latex\amsmath\amsbsy.sty
Package: amsbsy 1999/11/29 v1.2d
\pmbraise@=\dimen135
)
(C:\Users\dpuri\Desktop\MikTex\tex\latex\amsmath\amsopn.sty
Package: amsopn 1999/12/14 v2.01 operator names
)
\inf@bad=\count136
LaTeX Info: Redefining \frac on input line 210.
\uproot@=\count137
\leftroot@=\count138
LaTeX Info: Redefining \overline on input line 306.
\classnum@=\count139
\DOTSCASE@=\count140
LaTeX Info: Redefining \ldots on input line 378.
LaTeX Info: Redefining \dots on input line 381.
LaTeX Info: Redefining \cdots on input line 466.
\Mathstrutbox@=\box56
\strutbox@=\box57
\big@size=\dimen136
LaTeX Font Info:    Redeclaring font encoding OML on input line 566.
LaTeX Font Info:    Redeclaring font encoding OMS on input line 567.


Package amsmath Warning: Unable to redefine math accent \vec.

\macc@depth=\count141
\c@MaxMatrixCols=\count142
\dotsspace@=\muskip11
\c@parentequation=\count143
\dspbrk@lvl=\count144
\tag@help=\toks29
\row@=\count145
\column@=\count146
\maxfields@=\count147
\andhelp@=\toks30
\eqnshift@=\dimen137
\alignsep@=\dimen138
\tagshift@=\dimen139
\tagwidth@=\dimen140
\totwidth@=\dimen141
\lineht@=\dimen142
\@envbody=\toks31
\multlinegap=\skip51
\multlinetaggap=\skip52
\mathdisplay@stack=\toks32
LaTeX Info: Redefining \[ on input line 2665.
LaTeX Info: Redefining \] on input line 2666.
) (C:\Users\dpuri\Desktop\MikTex\tex\latex\natbib\natbib.sty
Package: natbib 2010/09/13 8.31b (PWD, AO)
\bibhang=\skip53
\bibsep=\skip54
LaTeX Info: Redefining \cite on input line 694.
\c@NAT@ctr=\count148
)
\myindent=\skip55
 (cav-2017.aux)
\openout1 = `cav-2017.aux'.

LaTeX Font Info:    Checking defaults for OML/cmm/m/it on input line 44.
LaTeX Font Info:    ... okay on input line 44.
LaTeX Font Info:    Checking defaults for T1/cmr/m/n on input line 44.
LaTeX Font Info:    ... okay on input line 44.
LaTeX Font Info:    Checking defaults for OT1/cmr/m/n on input line 44.
LaTeX Font Info:    ... okay on input line 44.
LaTeX Font Info:    Checking defaults for OMS/cmsy/m/n on input line 44.
LaTeX Font Info:    ... okay on input line 44.
LaTeX Font Info:    Checking defaults for OMX/cmex/m/n on input line 44.
LaTeX Font Info:    ... okay on input line 44.
LaTeX Font Info:    Checking defaults for U/cmr/m/n on input line 44.
LaTeX Font Info:    ... okay on input line 44.
LaTeX Font Info:    Checking defaults for PD1/pdf/m/n on input line 44.
LaTeX Font Info:    ... okay on input line 44.

(C:\Users\dpuri\Desktop\MikTex\tex\context\base\supp-pdf.mkii
[Loading MPS to PDF converter (version 2006.09.02).]
\scratchcounter=\count149
\scratchdimen=\dimen143
\scratchbox=\box58
\nofMPsegments=\count150
\nofMParguments=\count151
\everyMPshowfont=\toks33
\MPscratchCnt=\count152
\MPscratchDim=\dimen144
\MPnumerator=\count153
\makeMPintoPDFobject=\count154
\everyMPtoPDFconversion=\toks34
)
\AtBeginShipoutBox=\box59
Package hyperref Info: Link coloring OFF on input line 44.
 (C:\Users\dpuri\Desktop\MikTex\tex\latex\hyperref\nameref.sty
Package: nameref 2012/10/27 v2.43 Cross-referencing by name of section

(C:\Users\dpuri\Desktop\MikTex\tex\generic\oberdiek\gettitlestring.sty
Package: gettitlestring 2010/12/03 v1.4 Cleanup title references (HO)
)
\c@section@level=\count155
)
LaTeX Info: Redefining \ref on input line 44.
LaTeX Info: Redefining \pageref on input line 44.
LaTeX Info: Redefining \nameref on input line 44.

(cav-2017.out) (cav-2017.out)
\@outlinefile=\write3
\openout3 = `cav-2017.out'.

LaTeX Font Info:    Try loading font information for U+msa on input line 61.

(C:\Users\dpuri\Desktop\MikTex\tex\latex\amsfonts\umsa.fd
File: umsa.fd 2013/01/14 v3.01 AMS symbols A
)
LaTeX Font Info:    Try loading font information for U+msb on input line 61.

(C:\Users\dpuri\Desktop\MikTex\tex\latex\amsfonts\umsb.fd
File: umsb.fd 2013/01/14 v3.01 AMS symbols B
) (0abstract.tex)
(1introduction.tex [1


{C:/Users/dpuri/AppData/Local/MiKTeX/2.9/pdftex/config/pdftex.map}]
Underfull \vbox (badness 4024) has occurred while \output is active []

 [2]

LaTeX Warning: Reference `chapter:related-work' on page 3 undefined on input li
ne 66.

) (2background.tex

pdfTeX warning: pdflatex.EXE (file ./fig-proposal/certification-framework.pdf):
 PDF inclusion: found PDF version <1.7>, but at most version <1.5> allowed
<fig-proposal/certification-framework.pdf, id=54, 1156.32pt x 542.025pt>
File: fig-proposal/certification-framework.pdf Graphic file (type pdf)

<use fig-proposal/certification-framework.pdf>
Package pdftex.def Info: fig-proposal/certification-framework.pdf used on input
 line 7.
(pdftex.def)             Requested size: 308.34654pt x 144.54pt.
 [3 <./fig-proposal/certification-framework.pdf>]) (3formalization.tex [4]
<fig-rpe/C-code.pdf, id=112, 216.81pt x 310.761pt>
File: fig-rpe/C-code.pdf Graphic file (type pdf)
 <use fig-rpe/C-code.pdf>
Package pdftex.def Info: fig-rpe/C-code.pdf used on input line 58.
(pdftex.def)             Requested size: 90.75851pt x 130.08621pt.

<fig-rpe/seq-ccdfg.pdf, id=113, 289.08pt x 346.89601pt>
File: fig-rpe/seq-ccdfg.pdf Graphic file (type pdf)

<use fig-rpe/seq-ccdfg.pdf>
Package pdftex.def Info: fig-rpe/seq-ccdfg.pdf used on input line 60.
(pdftex.def)             Requested size: 108.40472pt x 130.08621pt.
 [5]
<fig-rpe/pipelined_ccdfg.pdf, id=129, 361.35pt x 310.761pt>
File: fig-rpe/pipelined_ccdfg.pdf Graphic file (type pdf)

<use fig-rpe/pipelined_ccdfg.pdf>
Package pdftex.def Info: fig-rpe/pipelined_ccdfg.pdf used on input line 80.
(pdftex.def)             Requested size: 151.2642pt x 130.08621pt.

<fig-rpe/pp-clock-cycles.pdf, id=130, 361.35pt x 310.761pt>
File: fig-rpe/pp-clock-cycles.pdf Graphic file (type pdf)

<use fig-rpe/pp-clock-cycles.pdf>
Package pdftex.def Info: fig-rpe/pp-clock-cycles.pdf used on input line 82.
(pdftex.def)             Requested size: 151.2642pt x 130.08621pt.
 [6 <./fig-rpe/C-code.pdf> <./fig-rpe/seq-ccdfg.pdf>]) (4challenges.tex [7 <./f
ig-rpe/pipelined_ccdfg.pdf> <./fig-rpe/pp-clock-cycles.pdf>] [8]) (5pipelining-
algorithm.tex
Overfull \hbox (12.5994pt too wide) in paragraph at lines 4--8
\OT1/cmr/m/n/10 One of the most com-plex re-quire-ment of ver-i-fy-ing be-hav-i
orally syn-the-sized pipelined
 []


Overfull \hbox (6.37416pt too wide) in paragraph at lines 32--48
[]$\OML/cmm/m/it/10 $\OT1/cmr/bx/n/10 -elimination prim-i-tive \OT1/cmr/m/n/10
 -- A $\OML/cmm/m/it/10 $\OT1/cmr/m/n/10 -statement is ``\OT1/cmtt/m/n/10 v = 
phi [$\OML/cmm/m/it/10 $ \OT1/cmtt/m/n/10 X] [$\OML/cmm/m/it/10 $ \OT1/cmtt/m
/n/10 Y]\OT1/cmr/m/n/10 '', where
 []

[9]

pdfTeX warning: pdflatex.EXE (file ./fig-proposal/conditional-branch-primitive.
pdf): PDF inclusion: found PDF version <1.7>, but at most version <1.5> allowed


<fig-proposal/conditional-branch-primitive.pdf, id=210, 722.7pt x 563.64912pt>
File: fig-proposal/conditional-branch-primitive.pdf Graphic file (type pdf)

<use fig-proposal/conditional-branch-primitive.pdf>
Package pdftex.def Info: fig-proposal/conditional-branch-primitive.pdf used on 
input line 57.
(pdftex.def)             Requested size: 231.65468pt x 180.67499pt.
 [10 <./fig-proposal/conditional-branch-primitive.pdf>]

pdfTeX warning: pdflatex.EXE (file ./fig-proposal/algorithm-using-primitives.pd
f): PDF inclusion: found PDF version <1.7>, but at most version <1.5> allowed
<fig-proposal/algorithm-using-primitives.pdf, id=239, 1047.915pt x 867.24pt>
File: fig-proposal/algorithm-using-primitives.pdf Graphic file (type pdf)

<use fig-proposal/algorithm-using-primitives.pdf>
Package pdftex.def Info: fig-proposal/algorithm-using-primitives.pdf used on in
put line 90.
(pdftex.def)             Requested size: 289.07999pt x 239.2394pt.
Package hyperref Info: bookmark level for unknown algorithm defaults to 0 on in
put line 100.
 [11]

LaTeX Warning: Reference `fig:algo1-3' on page 12 undefined on input line 145.


Overfull \hbox (15.09328pt too wide) in paragraph at lines 141--146
\OT1/cmr/m/n/10 ga-tion is re-quired only for loop car-ried de-pen-den-cies. $\
OML/cmm/m/it/10 GetLoopCarriedDependencies$
 []

[12 <./fig-proposal/algorithm-using-primitives.pdf>]

pdfTeX warning: pdflatex.EXE (file ./fig-proposal/algorithm-after-data-propagat
ion-2.pdf): PDF inclusion: found PDF version <1.7>, but at most version <1.5> a
llowed

<fig-proposal/algorithm-after-data-propagation-2.pdf, id=282, 353.95227pt x 621
.40819pt>
File: fig-proposal/algorithm-after-data-propagation-2.pdf Graphic file (type pd
f)
 <use fig-proposal/algorithm-after-data-propagation-2.pdf>
Package pdftex.def Info: fig-proposal/algorithm-after-data-propagation-2.pdf us
ed on input line 150.
(pdftex.def)             Requested size: 102.90816pt x 180.67499pt.


pdfTeX warning: pdflatex.EXE (file ./fig-proposal/algorithm-after-shadow-regist
er.pdf): PDF inclusion: found PDF version <1.7>, but at most version <1.5> allo
wed

<fig-proposal/algorithm-after-shadow-register.pdf, id=283, 353.95227pt x 664.65
637pt>
File: fig-proposal/algorithm-after-shadow-register.pdf Graphic file (type pdf)
 <use fig-proposal/algorithm-after-shadow-register.pdf>
Package pdftex.def Info: fig-proposal/algorithm-after-shadow-register.pdf used 
on input line 152.
(pdftex.def)             Requested size: 96.21649pt x 180.67499pt.
 [13 <./fig-proposal/algorithm-after-data-propagation-2.pdf> <./fig-proposal/al
gorithm-after-shadow-register.pdf>]

pdfTeX warning: pdflatex.EXE (file ./fig-proposal/algorithm-after-superstep-con
struction.pdf): PDF inclusion: found PDF version <1.7>, but at most version <1.
5> allowed

<fig-proposal/algorithm-after-superstep-construction.pdf, id=349, 592.38637pt x
 592.38637pt>
File: fig-proposal/algorithm-after-superstep-construction.pdf Graphic file (typ
e pdf)
 <use fig-proposal/algorithm-after-superstep-construction.pdf>
Package pdftex.def Info: fig-proposal/algorithm-after-superstep-construction.pd
f used on input line 195.
(pdftex.def)             Requested size: 289.07999pt x 289.0787pt.


pdfTeX warning: pdflatex.EXE (file ./fig-proposal/algorithm-after-adding-branch
es.pdf): PDF inclusion: found PDF version <1.7>, but at most version <1.5> allo
wed

<fig-proposal/algorithm-after-adding-branches.pdf, id=351, 614.295pt x 542.025p
t>
File: fig-proposal/algorithm-after-adding-branches.pdf Graphic file (type pdf)
 <use fig-proposal/algorithm-after-adding-branches.pdf>
Package pdftex.def Info: fig-proposal/algorithm-after-adding-branches.pdf used 
on input line 208.
(pdftex.def)             Requested size: 289.07999pt x 255.07433pt.
 [14]) (6Proof.tex
Underfull \vbox (badness 10000) has occurred while \output is active []

 [15 <./fig-proposal/algorithm-after-superstep-construction.pdf>] [16 <./fig-pr
oposal/algorithm-after-adding-branches.pdf>] [17] [18]) (7SEC.tex

pdfTeX warning: pdflatex.EXE (file ./fig-proposal/testing.pdf): PDF inclusion: 
found PDF version <1.7>, but at most version <1.5> allowed
<fig-proposal/testing.pdf, id=429, 368.46318pt x 126.33023pt>
File: fig-proposal/testing.pdf Graphic file (type pdf)

<use fig-proposal/testing.pdf>
Package pdftex.def Info: fig-proposal/testing.pdf used on input line 9.
(pdftex.def)             Requested size: 397.48499pt x 136.2881pt.

Overfull \hbox (50.36145pt too wide) in paragraph at lines 9--10
 [] 
 []

) (8related-work.tex [19 <./fig-proposal/testing.pdf>] [20]) (9conclusion.tex
[21]
Overfull \hbox (7.34634pt too wide) in paragraph at lines 7--8
[]\OT1/cmr/m/it/10 Developed a frame-work of suc-cinct cer-ti-fied prim-i-tives
 es-sen-tial to build pipelin-
 []

[22]) (cav-2017.bbl [23]
Missing character: There is no Ã in font cmr10!
Missing character: There is no © in font cmr10!
Missing character: There is no Ã in font cmr10!
Missing character: There is no © in font cmr10!
Missing character: There is no Ã in font cmr10!
Missing character: There is no © in font cmr10!
Missing character: There is no Ã in font cmr10!
Missing character: There is no © in font cmr10!

Underfull \vbox (badness 10000) has occurred while \output is active []

 [24

]
Underfull \vbox (badness 10000) has occurred while \output is active []

 [25]
Underfull \vbox (badness 10000) has occurred while \output is active []

 [26]
Underfull \vbox (badness 10000) has occurred while \output is active []

 [27]
Underfull \hbox (badness 5274) in paragraph at lines 335--339
\OT1/cmr/m/n/10 with out-of-order ex-e-cu-tion.  \OT1/cmr/m/it/10 IEEE Trans-ac
-tions on Com-put-ers\OT1/cmr/m/n/10 ,
 []


Underfull \vbox (badness 10000) has occurred while \output is active []

 [28])
Package atveryend Info: Empty hook `BeforeClearDocument' on input line 74.

[29]
Package atveryend Info: Empty hook `AfterLastShipout' on input line 74.
 (cav-2017.aux)
Package atveryend Info: Executing hook `AtVeryEndDocument' on input line 74.
Package atveryend Info: Executing hook `AtEndAfterFileList' on input line 74.
Package rerunfilecheck Info: File `cav-2017.out' has not changed.
(rerunfilecheck)             Checksum: 776B922973DF1A30DF42736767410C59;110.


LaTeX Warning: There were undefined references.

Package atveryend Info: Empty hook `AtVeryVeryEnd' on input line 74.
 ) 
Here is how much of TeX's memory you used:
 8092 strings out of 493634
 115187 string characters out of 3142961
 214188 words of memory out of 3000000
 11189 multiletter control sequences out of 15000+200000
 11740 words of font info for 45 fonts, out of 3000000 for 9000
 1025 hyphenation exceptions out of 8191
 29i,12n,27p,1300b,673s stack positions out of 5000i,500n,10000p,200000b,50000s
<C:/Users/dpuri/Desktop/MikTex/fonts/type1/public/amsfonts/cm/cmbx10.pfb><C:/
Users/dpuri/Desktop/MikTex/fonts/type1/public/amsfonts/cm/cmbx12.pfb><C:/Users/
dpuri/Desktop/MikTex/fonts/type1/public/amsfonts/cm/cmbx9.pfb><C:/Users/dpuri/D
esktop/MikTex/fonts/type1/public/amsfonts/cm/cmcsc10.pfb><C:/Users/dpuri/Deskto
p/MikTex/fonts/type1/public/amsfonts/cm/cmmi10.pfb><C:/Users/dpuri/Desktop/MikT
ex/fonts/type1/public/amsfonts/cm/cmmi7.pfb><C:/Users/dpuri/Desktop/MikTex/font
s/type1/public/amsfonts/cm/cmr10.pfb><C:/Users/dpuri/Desktop/MikTex/fonts/type1
/public/amsfonts/cm/cmr6.pfb><C:/Users/dpuri/Desktop/MikTex/fonts/type1/public/
amsfonts/cm/cmr7.pfb><C:/Users/dpuri/Desktop/MikTex/fonts/type1/public/amsfonts
/cm/cmr9.pfb><C:/Users/dpuri/Desktop/MikTex/fonts/type1/public/amsfonts/cm/cmsy
10.pfb><C:/Users/dpuri/Desktop/MikTex/fonts/type1/public/amsfonts/cm/cmsy7.pfb>
<C:/Users/dpuri/Desktop/MikTex/fonts/type1/public/amsfonts/cm/cmti10.pfb><C:/Us
ers/dpuri/Desktop/MikTex/fonts/type1/public/amsfonts/cm/cmti9.pfb><C:/Users/dpu
ri/Desktop/MikTex/fonts/type1/public/amsfonts/cm/cmtt10.pfb>
Output written on cav-2017.pdf (29 pages, 932077 bytes).
PDF statistics:
 647 PDF objects out of 1000 (max. 8388607)
 144 named destinations out of 1000 (max. 500000)
 69 words of extra memory for PDF output out of 10000 (max. 10000000)

